<?xml version="1.0" encoding="UTF-8"?>
<!-- Generated by org.testng.reporters.JUnitReportReporter -->
<testsuite hostname="LAPTOP-LGOTJ6DG" failures="0" tests="1" name="test.NewTest" time="6.182" errors="0" timestamp="2023-07-03T07:59:09 IST" skipped="0">
  <testcase classname="test.NewTest" name="f" time="6.182"/>
</testsuite> <!-- test.NewTest -->
